<?xml version="1.0" encoding="UTF-8"?>
<!-- Generated by org.testng.reporters.JUnitReportReporter -->
<testsuite skipped="1" hostname="KT-PC-122" name="com.test.Test2" tests="2" failures="0" timestamp="24 Aug 2018 10:10:32 GMT" time="1.843" errors="0">
  <testcase name="tc3" time="1.843" classname="com.test.Test2"/>
  <testcase name="tc3" time="0.000" classname="com.test.Test2">
    <skipped/>
  </testcase> <!-- tc3 -->
</testsuite> <!-- com.test.Test2 -->
